<?xml version="1.0" encoding="UTF-8"?>
<!-- Generated by org.testng.reporters.JUnitReportReporter -->
<testsuite ignored="0" hostname="DESKTOP-SULKSEO" failures="0" tests="4" name="CalculaterTest" time="0.059" errors="0" timestamp="11 Sep 2024 20:56:25 GMT" skipped="0">
  <testcase classname="CalculaterTest" name="addTwoNumbers" time="0.015"/>
  <testcase classname="CalculaterTest" name="subtractTwoNumbers" time="0.015"/>
  <testcase classname="CalculaterTest" name="devideTwoNumbers" time="0.014"/>
  <testcase classname="CalculaterTest" name="mulTwoNumbers" time="0.015"/>
</testsuite> <!-- CalculaterTest -->
